c:\users\gu\source\repos\cse5542-framework\demoframework\debug\vc141.pdb
c:\users\gu\source\repos\cse5542-framework\demoframework\debug\vc141.idb
c:\users\gu\source\repos\cse5542-framework\demoframework\debug\color.obj
c:\users\gu\source\repos\cse5542-framework\demoframework\debug\cube.obj
c:\users\gu\source\repos\cse5542-framework\demoframework\debug\materialfactory.obj
c:\users\gu\source\repos\cse5542-framework\demoframework\debug\materialmanager.obj
c:\users\gu\source\repos\cse5542-framework\demoframework\debug\mathfactory.obj
c:\users\gu\source\repos\cse5542-framework\demoframework\debug\modelmanager.obj
c:\users\gu\source\repos\cse5542-framework\demoframework\debug\nullcommand.obj
c:\users\gu\source\repos\cse5542-framework\demoframework\debug\rendermanager.obj
c:\users\gu\source\repos\cse5542-framework\demoframework\debug\renderstate.obj
c:\users\gu\source\repos\cse5542-framework\demoframework\debug\scenenodefactory.obj
c:\users\gu\source\repos\cse5542-framework\demoframework\debug\texparam2dnomipmap.obj
c:\users\gu\source\repos\cse5542-framework\demoframework\debug\texparammipmap.obj
c:\users\gu\source\repos\cse5542-framework\demoframework\debug\texturebindmanager.obj
c:\users\gu\source\repos\cse5542-framework\demoframework\debug\ticpp.obj
c:\users\gu\source\repos\cse5542-framework\demoframework\debug\tinystr.obj
c:\users\gu\source\repos\cse5542-framework\demoframework\debug\tinyxml.obj
c:\users\gu\source\repos\cse5542-framework\demoframework\debug\tinyxmlerror.obj
c:\users\gu\source\repos\cse5542-framework\demoframework\debug\tinyxmlparser.obj
c:\users\gu\source\repos\cse5542-framework\demoframework\debug\transformfactory.obj
c:\users\gu\source\repos\cse5542-framework\demoframework\debug\demoframework.obj
c:\users\gu\source\repos\cse5542-framework\debug\demoframework.exe
c:\users\gu\source\repos\cse5542-framework\debug\demoframework.ilk
c:\users\gu\source\repos\cse5542-framework\debug\demoframework.pdb
c:\users\gu\source\repos\cse5542-framework\demoframework\debug\demoframework.tlog\cl.command.1.tlog
c:\users\gu\source\repos\cse5542-framework\demoframework\debug\demoframework.tlog\cl.read.1.tlog
c:\users\gu\source\repos\cse5542-framework\demoframework\debug\demoframework.tlog\cl.write.1.tlog
c:\users\gu\source\repos\cse5542-framework\demoframework\debug\demoframework.tlog\link.command.1.tlog
c:\users\gu\source\repos\cse5542-framework\demoframework\debug\demoframework.tlog\link.read.1.tlog
c:\users\gu\source\repos\cse5542-framework\demoframework\debug\demoframework.tlog\link.write.1.tlog
